Determining if the pthread_create exist failed with the following output:
Change Dir: /home/popovadmin/projects/com/sunnygames/MagicGame/cmake-build-debug/CMakeFiles/CMakeTmp

Run Build Command:"/usr/bin/make" "cmTC_e4281/fast"
/usr/bin/make -f CMakeFiles/cmTC_e4281.dir/build.make CMakeFiles/cmTC_e4281.dir/build
make[1]: вход в каталог «/home/popovadmin/projects/com/sunnygames/MagicGame/cmake-build-debug/CMakeFiles/CMakeTmp»
Building C object CMakeFiles/cmTC_e4281.dir/CheckSymbolExists.c.o
/usr/bin/cc   -std=c99 -std=gnu99 -fPIC    -o CMakeFiles/cmTC_e4281.dir/CheckSymbolExists.c.o   -c /home/popovadmin/projects/com/sunnygames/MagicGame/cmake-build-debug/CMakeFiles/CMakeTmp/CheckSymbolExists.c
Linking C executable cmTC_e4281
/home/popovadmin/soft/clion-2017.3/bin/cmake/bin/cmake -E cmake_link_script CMakeFiles/cmTC_e4281.dir/link.txt --verbose=1
/usr/bin/cc  -std=c99 -std=gnu99 -fPIC     -rdynamic CMakeFiles/cmTC_e4281.dir/CheckSymbolExists.c.o  -o cmTC_e4281 
CMakeFiles/cmTC_e4281.dir/CheckSymbolExists.c.o: In function `main':
CheckSymbolExists.c:(.text+0x1b): undefined reference to `pthread_create'
collect2: error: ld returned 1 exit status
CMakeFiles/cmTC_e4281.dir/build.make:97: ошибка выполнения рецепта для цели «cmTC_e4281»
make[1]: *** [cmTC_e4281] Ошибка 1
make[1]: выход из каталога «/home/popovadmin/projects/com/sunnygames/MagicGame/cmake-build-debug/CMakeFiles/CMakeTmp»
Makefile:126: ошибка выполнения рецепта для цели «cmTC_e4281/fast»
make: *** [cmTC_e4281/fast] Ошибка 2

File /home/popovadmin/projects/com/sunnygames/MagicGame/cmake-build-debug/CMakeFiles/CMakeTmp/CheckSymbolExists.c:
/* */
#include <pthread.h>

int main(int argc, char** argv)
{
  (void)argv;
#ifndef pthread_create
  return ((int*)(&pthread_create))[argc];
#else
  (void)argc;
  return 0;
#endif
}

Determining if the function pthread_create exists in the pthreads failed with the following output:
Change Dir: /home/popovadmin/projects/com/sunnygames/MagicGame/cmake-build-debug/CMakeFiles/CMakeTmp

Run Build Command:"/usr/bin/make" "cmTC_391b7/fast"
/usr/bin/make -f CMakeFiles/cmTC_391b7.dir/build.make CMakeFiles/cmTC_391b7.dir/build
make[1]: вход в каталог «/home/popovadmin/projects/com/sunnygames/MagicGame/cmake-build-debug/CMakeFiles/CMakeTmp»
Building C object CMakeFiles/cmTC_391b7.dir/CheckFunctionExists.c.o
/usr/bin/cc   -std=c99 -std=gnu99 -fPIC -DCHECK_FUNCTION_EXISTS=pthread_create   -o CMakeFiles/cmTC_391b7.dir/CheckFunctionExists.c.o   -c /home/popovadmin/soft/clion-2017.3/bin/cmake/share/cmake-3.9/Modules/CheckFunctionExists.c
Linking C executable cmTC_391b7
/home/popovadmin/soft/clion-2017.3/bin/cmake/bin/cmake -E cmake_link_script CMakeFiles/cmTC_391b7.dir/link.txt --verbose=1
/usr/bin/cc  -std=c99 -std=gnu99 -fPIC -DCHECK_FUNCTION_EXISTS=pthread_create    -rdynamic CMakeFiles/cmTC_391b7.dir/CheckFunctionExists.c.o  -o cmTC_391b7 -lpthreads 
/usr/bin/ld: cannot find -lpthreads
collect2: error: ld returned 1 exit status
CMakeFiles/cmTC_391b7.dir/build.make:97: ошибка выполнения рецепта для цели «cmTC_391b7»
make[1]: *** [cmTC_391b7] Ошибка 1
make[1]: выход из каталога «/home/popovadmin/projects/com/sunnygames/MagicGame/cmake-build-debug/CMakeFiles/CMakeTmp»
Makefile:126: ошибка выполнения рецепта для цели «cmTC_391b7/fast»
make: *** [cmTC_391b7/fast] Ошибка 2


