Determining if the pthread_create exist failed with the following output:
Change Dir: /home/popovadmin/projects/com/sunnygames/Blocks/linux-build/CMakeFiles/CMakeTmp

Run Build Command:"/usr/bin/make" "cmTC_4a801/fast"
/usr/bin/make -f CMakeFiles/cmTC_4a801.dir/build.make CMakeFiles/cmTC_4a801.dir/build
make[1]: вход в каталог «/home/popovadmin/projects/com/sunnygames/Blocks/linux-build/CMakeFiles/CMakeTmp»
Building C object CMakeFiles/cmTC_4a801.dir/CheckSymbolExists.c.o
/usr/bin/cc    -std=c99 -std=gnu99 -fPIC    -o CMakeFiles/cmTC_4a801.dir/CheckSymbolExists.c.o   -c /home/popovadmin/projects/com/sunnygames/Blocks/linux-build/CMakeFiles/CMakeTmp/CheckSymbolExists.c
Linking C executable cmTC_4a801
/usr/bin/cmake -E cmake_link_script CMakeFiles/cmTC_4a801.dir/link.txt --verbose=1
/usr/bin/cc   -std=c99 -std=gnu99 -fPIC     CMakeFiles/cmTC_4a801.dir/CheckSymbolExists.c.o  -o cmTC_4a801 -rdynamic 
CMakeFiles/cmTC_4a801.dir/CheckSymbolExists.c.o: In function `main':
CheckSymbolExists.c:(.text+0x1b): undefined reference to `pthread_create'
collect2: error: ld returned 1 exit status
CMakeFiles/cmTC_4a801.dir/build.make:97: ошибка выполнения рецепта для цели «cmTC_4a801»
make[1]: *** [cmTC_4a801] Ошибка 1
make[1]: выход из каталога «/home/popovadmin/projects/com/sunnygames/Blocks/linux-build/CMakeFiles/CMakeTmp»
Makefile:126: ошибка выполнения рецепта для цели «cmTC_4a801/fast»
make: *** [cmTC_4a801/fast] Ошибка 2

File /home/popovadmin/projects/com/sunnygames/Blocks/linux-build/CMakeFiles/CMakeTmp/CheckSymbolExists.c:
/* */
#include <pthread.h>

int main(int argc, char** argv)
{
  (void)argv;
#ifndef pthread_create
  return ((int*)(&pthread_create))[argc];
#else
  (void)argc;
  return 0;
#endif
}

Determining if the function pthread_create exists in the pthreads failed with the following output:
Change Dir: /home/popovadmin/projects/com/sunnygames/Blocks/linux-build/CMakeFiles/CMakeTmp

Run Build Command:"/usr/bin/make" "cmTC_b2712/fast"
/usr/bin/make -f CMakeFiles/cmTC_b2712.dir/build.make CMakeFiles/cmTC_b2712.dir/build
make[1]: вход в каталог «/home/popovadmin/projects/com/sunnygames/Blocks/linux-build/CMakeFiles/CMakeTmp»
Building C object CMakeFiles/cmTC_b2712.dir/CheckFunctionExists.c.o
/usr/bin/cc    -std=c99 -std=gnu99 -fPIC -DCHECK_FUNCTION_EXISTS=pthread_create   -o CMakeFiles/cmTC_b2712.dir/CheckFunctionExists.c.o   -c /usr/share/cmake-3.5/Modules/CheckFunctionExists.c
Linking C executable cmTC_b2712
/usr/bin/cmake -E cmake_link_script CMakeFiles/cmTC_b2712.dir/link.txt --verbose=1
/usr/bin/cc   -std=c99 -std=gnu99 -fPIC -DCHECK_FUNCTION_EXISTS=pthread_create    CMakeFiles/cmTC_b2712.dir/CheckFunctionExists.c.o  -o cmTC_b2712 -rdynamic -lpthreads 
/usr/bin/ld: cannot find -lpthreads
collect2: error: ld returned 1 exit status
CMakeFiles/cmTC_b2712.dir/build.make:97: ошибка выполнения рецепта для цели «cmTC_b2712»
make[1]: *** [cmTC_b2712] Ошибка 1
make[1]: выход из каталога «/home/popovadmin/projects/com/sunnygames/Blocks/linux-build/CMakeFiles/CMakeTmp»
Makefile:126: ошибка выполнения рецепта для цели «cmTC_b2712/fast»
make: *** [cmTC_b2712/fast] Ошибка 2


